{"level":"warn","message":"ruta /, método GET no implementada"}
{"level":"warn","message":"ruta /favicon.ico, método GET no implementada"}
{"level":"warn","message":"ruta /favicon.ico, método GET no implementada"}
{"level":"warn","message":"ruta /favicon.ico, método GET no implementada"}
{"level":"warn","message":"ruta /a, método GET no implementada"}
{"level":"warn","message":"ruta /alguna, método GET no implementada"}
{"level":"warn","message":"ruta /a, método GET no implementada"}
{"level":"warn","message":"ruta /alguna, método GET no implementada"}
{"level":"error","message":"Cannot read properties of undefined (reading 'user')"}
{"level":"warn","message":"ruta /favicon.ico, método GET no implementada"}
{"level":"error","message":"Cannot read properties of undefined (reading 'user')"}
{"level":"warn","message":"ruta /login/views_hbs/products.hbs, método GET no implementada"}
{"level":"warn","message":"ruta /login/views_hbs/chat.hbs, método GET no implementada"}
{"level":"warn","message":"ruta /a, método GET no implementada"}
{"level":"warn","message":"ruta /login/views_hbs/products.hbs, método GET no implementada"}
{"level":"warn","message":"ruta /login/views_hbs/chat.hbs, método GET no implementada"}
{"level":"warn","message":"ruta /, método GET no implementada"}
{"level":"warn","message":"ruta /|oh|, método GET no implementada"}
{"level":"warn","message":"ruta /sd, método GET no implementada"}
{"level":"warn","message":"ruta /login/views_hbs/products.hbs, método GET no implementada"}
{"level":"warn","message":"ruta /login/views_hbs/chat.hbs, método GET no implementada"}
{"level":"warn","message":"ruta /, método GET no implementada"}
{"level":"warn","message":"ruta /ssd, método GET no implementada"}
{"level":"warn","message":"ruta /ssd, método GET no implementada"}
{"level":"warn","message":"ruta /ssd, método GET no implementada"}
{"level":"warn","message":"ruta /sjd, método GET no implementada"}
{"level":"warn","message":"ruta /ssd, método GET no implementada"}
{"level":"warn","message":"ruta /sjd, método GET no implementada"}
{"level":"warn","message":"ruta /ssd, método GET no implementada"}
{"level":"warn","message":"ruta /fgvwf, método GET no implementada"}
{"level":"warn","message":"ruta /sjd, método GET no implementada"}
{"level":"warn","message":"ruta /as, método GET no implementada"}
{"level":"warn","message":"ruta /uyfg, método GET no implementada"}
{"level":"warn","message":"ruta /, método GET no implementada"}
{"level":"warn","message":"ruta /HNAP1/, método GET no implementada"}
{"level":"warn","message":"ruta /, método GET no implementada"}
{"level":"warn","message":"ruta /as, método GET no implementada"}
{"level":"warn","message":"ruta /, método GET no implementada"}
{"level":"warn","message":"ruta /asdf, método GET no implementada"}
{"level":"warn","message":"ruta /asd, método GET no implementada"}
{"level":"warn","message":"ruta /asd, método GET no implementada"}
